<?xml version="1.0" encoding="UTF-8"?>
<testng-results ignored="2" total="2" passed="0" failed="0" skipped="0">
  <reporter-output>
  </reporter-output>
  <suite started-at="2023-05-02T15:54:59 PKT" name="Default suite" finished-at="2023-05-02T15:55:04 PKT" duration-ms="4691">
    <groups>
    </groups>
    <test started-at="2023-05-02T15:54:59 PKT" name="Default test" finished-at="2023-05-02T15:55:04 PKT" duration-ms="4691">
      <class name="Innomate.automate">
        <test-method is-config="true" signature="beforeTest()[pri:0, instance:Innomate.automate@741a8937]" started-at="2023-05-02T15:54:59 PKT" name="beforeTest" finished-at="2023-05-02T15:55:03 PKT" duration-ms="4028" status="PASS">
          <reporter-output>
          </reporter-output>
        </test-method> <!-- beforeTest -->
        <test-method is-config="true" signature="afterTest()[pri:0, instance:Innomate.automate@741a8937]" started-at="2023-05-02T15:55:03 PKT" name="afterTest" finished-at="2023-05-02T15:55:04 PKT" duration-ms="648" status="PASS">
          <reporter-output>
          </reporter-output>
        </test-method> <!-- afterTest -->
      </class> <!-- Innomate.automate -->
    </test> <!-- Default test -->
  </suite> <!-- Default suite -->
</testng-results>
